<?xml version="1.0" encoding="UTF-8"?>
<!-- Generated by org.testng.reporters.JUnitReportReporter -->
<testsuite skipped="0" hostname="nsystem-mbp" name="runner.RunCukesTest" tests="1" failures="0" timestamp="2023-03-07T21:06:53 WIB" time="184.662" errors="0">
  <testcase name="runScenario" time="184.662" classname="runner.RunCukesTest"/>
  <system-out/>
</testsuite> <!-- runner.RunCukesTest -->
